app/seeds.txt
com.leri.smovbook.model.SmovItem
com.leri.smovbook.model.Actor
com.leri.smovbook.ui.MainActivity
com.leri.smovbook.model.Tag
com.leri.smovbook.model.ServerResult
com.leri.smovbook.Application
com.leri.smovbook.model.Smov
com.leri.smovbook.ui.barcodeScann.ScannCameraPreviewKt$CameraPreview$2$1$barcodeAnalyser$1: android.content.Context $context
com.leri.smovbook.ui.home.HomeScreenKt$HomeScreen$5: int $$changed
com.leri.smovbook.util.DataStoreUtils$saveBoolean$1: java.lang.String $key
com.leri.smovbook.util.DataStoreUtils$readSyncLongData$$inlined$map$1$2$1: java.lang.Object result
com.leri.smovbook.model.Smov: com.leri.smovbook.model.SmovItem highlightedSmovItem
com.leri.smovbook.util.DataStoreUtils$readSyncStringData$$inlined$map$1$2$1: java.lang.Object L$0
com.leri.smovbook.ui.components.AppDrawerKt$AppDrawer$1: androidx.compose.foundation.layout.ColumnScope $this_AppDrawer
com.leri.smovbook.util.DataStoreUtils$readSyncBooleanData$$inlined$map$1$2$1: com.leri.smovbook.util.DataStoreUtils$readSyncBooleanData$$inlined$map$1$2 this$0
com.leri.smovbook.ui.home.SmovCardKt$SmovCard$1$1$1$1: int label
com.leri.smovbook.ui.barcodeScann.ScannCameraPreviewKt$CameraPreview$2: kotlin.jvm.functions.Function1 $onSendCode
com.leri.smovbook.ui.home.HomeScreenKt$HomeScreenWithList$3: kotlin.jvm.functions.Function0 $openBarScann
com.leri.smovbook.ui.AppNavGraphKt$AppNavGraph$1$1: java.lang.String $currentRoute
com.leri.smovbook.util.DataStoreUtils$readSyncIntData$$inlined$map$1$2$1: int label
com.leri.smovbook.ui.components.BarIconKt$BarIcon$semantics$1$1: java.lang.String $contentDescription
com.leri.smovbook.ui.home.HomeScreenKt$SmovList$2: androidx.compose.foundation.lazy.LazyListState $scrollState
com.leri.smovbook.ui.AppNavGraphKt$AppNavGraph$1$1: com.leri.smovbook.ui.home.HomeViewModel $homeViewModel
com.leri.smovbook.ui.home.HomeScreenKt$NodataOperate$1: int $$changed
com.leri.smovbook.ui.barcodeScann.BarCodeScannRouteKt$BarCodeScannRoute$1$1: kotlin.jvm.functions.Function1 $changeServer
com.leri.smovbook.ui.home.HomeRouteKt$HomeRoute$7: kotlin.jvm.functions.Function1 $onErrorDismiss
com.leri.smovbook.ui.SmovAppKt$SmovApp$1$1$1: boolean $darkIcons
com.leri.smovbook.ui.barcodeScann.ScannCameraPreviewKt$CameraPreview$2$1$barcodeAnalyser$1: androidx.compose.runtime.MutableState $barCodeVal
com.leri.smovbook.ui.AppNavigationActions$navigateToHome$1$1: androidx.navigation.NavHostController $navController
com.leri.smovbook.ui.AppNavGraphKt$AppNavGraph$1$1: com.leri.smovbook.ui.AppNavigationActions $navigationActions
com.leri.smovbook.model.SmovItem: java.lang.String title
com.leri.smovbook.util.DataStoreUtils$readSyncBooleanData$1: int label
com.leri.smovbook.ui.theme.ThemeKt$SmovBookMTheme$1: kotlin.jvm.functions.Function2 $content
com.leri.smovbook.ui.components.SmovAppBarKt$SmovAppBar$3: kotlin.jvm.functions.Function2 $title
com.leri.smovbook.ui.components.JumpToTopKt$JumpToTop$1: int $$default
com.leri.smovbook.ui.components.AppScaffoldKt$AppScaffold$2: androidx.compose.ui.Modifier $modifier
com.leri.smovbook.util.DataStoreUtils$saveLongData$1: int label
com.leri.smovbook.ui.components.SmovAppBarKt$SmovAppBar$3: int $$changed
com.leri.smovbook.ui.home.HomeScreenKt$HomeScreen$4: androidx.compose.foundation.lazy.LazyListState $homeListLazyListState
com.leri.smovbook.ui.home.SmovCardKt$SmovCard$2: com.leri.smovbook.model.SmovItem $smov
com.leri.smovbook.ui.home.HomeRouteKt$HomeRoute$3: int $$default
com.leri.smovbook.ui.components.SmovAppBarKt$SmovAppBar$3: androidx.compose.material3.TopAppBarScrollBehavior $scrollBehavior
com.leri.smovbook.ui.barcodeScann.ScannCameraPreviewKt$CameraPreview$2$1$barcodeAnalyser$1: kotlin.jvm.functions.Function1 $onSendCode
com.leri.smovbook.ui.home.HomeScreenKt$HomeScreenWithList$4: kotlin.jvm.functions.Function0 $openBarScann
com.leri.smovbook.ui.home.HomeScreenKt$HomeScreenWithList$4: int $$changed1
com.leri.smovbook.ui.barcodeScann.BarCodeScannRouteKt$BarCodeScannRoute$2: int $$changed
...
com.google.android.material.R$dimen: int m3_appbar_size_large
com.google.android.material.R$styleable: int Layout_layout_constraintWidth_max
androidx.compose.material3.DefaultFloatingActionButtonElevation$animateElevation$2: float $target
com.google.android.material.R$style: int TextAppearance_Design_CollapsingToolbar_Expanded
com.google.android.material.R$color: int material_dynamic_tertiary95
com.google.android.material.R$style: int Base_TextAppearance_MaterialComponents_Headline6
com.google.android.material.R$styleable: int AppCompatTextView_drawableEndCompat
androidx.appcompat.R$styleable: int AppCompatTextView_autoSizeMaxTextSize
androidx.constraintlayout.widget.R$styleable: int ConstraintSet_layout_constraintTop_creator
androidx.core.R$styleable: int GradientColor_android_type
com.google.android.material.R$attr: int spinnerStyle
androidx.compose.ui.platform.WrappedComposition$setContent$1$1: kotlin.jvm.functions.Function2 $content
androidx.appcompat.R$attr: int switchPadding
com.google.android.material.R$styleable: int Spinner_popupTheme
com.google.android.material.R$style: int Widget_Material3_ActionMode
com.google.android.material.R$styleable: int Transition_android_id
com.google.android.material.R$style: int Platform_ThemeOverlay_AppCompat_Dark
androidx.coordinatorlayout.R$styleable: int CoordinatorLayout_Layout_android_layout_gravity
com.google.android.gms.internal.mlkit_vision_barcode.zzf: android.os.Parcelable$Creator CREATOR
androidx.compose.material3.ScaffoldKt$ScaffoldLayout$1$1: int $$dirty
androidx.compose.material3.SnackbarKt$Snackbar$2: int $$changed
com.google.android.material.R$style: int ThemeOverlay_Design_TextInputEditText
com.google.android.material.R$color: int m3_card_stroke_color
com.google.android.material.R$styleable: int Layout_layout_constraintVertical_weight
androidx.appcompat.R$dimen: int abc_dialog_padding_top_material
androidx.constraintlayout.widget.R$styleable: int Spinner_popupTheme
androidx.compose.ui.R$id: int accessibility_custom_action_24
androidx.appcompat.R$style: int Base_Widget_AppCompat_EditText
com.google.android.material.R$styleable: int FloatingActionButton_hideMotionSpec
androidx.appcompat.R$styleable: int TextAppearance_android_textStyle
com.skydoves.landscapist.ImageLoad__ImageLoadKt$ImageLoad$2: kotlin.jvm.functions.Function4 $content
androidx.constraintlayout.widget.R$styleable: int AppCompatTheme_spinnerStyle
androidx.constraintlayout.widget.R$styleable: int MenuItem_tooltipText
com.google.android.material.R$style: int Widget_AppCompat_Light_ActionButton
com.google.android.material.R$dimen: int mtrl_navigation_bar_item_default_icon_size
com.google.android.material.R$style: int Widget_Compat_NotificationActionText
androidx.compose.foundation.layout.AlignmentLineKt$alignmentLineOffsetMeasure$1: int $height
com.google.android.material.R$styleable: int ActionMenuItemView_android_minWidth
com.google.android.material.R$color: int m3_sys_color_light_on_primary
com.google.android.material.R$style: int Theme_AppCompat_NoActionBar
androidx.compose.runtime.internal.ComposableLambdaImpl$invoke$3: int $changed
com.google.android.material.R$color: int m3_dynamic_hint_foreground
androidx.compose.runtime.ComposerImpl$doCompose$2$4: androidx.compose.runtime.ComposerImpl this$0
androidx.compose.foundation.gestures.TapGestureDetectorKt$detectTapGestures$2$1$1$4: kotlin.jvm.internal.Ref$ObjectRef $upOrCancel
androidx.appcompat.R$attr: int icon
androidx.compose.material3.ScaffoldKt$Scaffold$2: kotlin.jvm.functions.Function3 $content
androidx.compose.ui.R$id: int androidx_compose_ui_view_composition_context
androidx.constraintlayout.widget.R$styleable: int ConstraintSet_android_rotationY
androidx.compose.foundation.layout.RowColumnImplKt$rowColumnMeasurePolicy$1$measure$4: androidx.compose.ui.layout.MeasureScope $this_measure
com.google.android.material.R$color: int primary_dark_material_dark
com.google.android.material.R$dimen: int m3_sys_motion_easing_emphasized_accelerate_control_y1